CLIENT_HANDSHAKE_TRAFFIC_SECRET 048cdb34b84a4c2757aeba15ec563947de5162b95145f2a8b8097ca30f592193 0ffe2688f783ce31014d44000a9dcf3b3eba59efd32fdece13ad6e7f26abc099
SERVER_HANDSHAKE_TRAFFIC_SECRET 048cdb34b84a4c2757aeba15ec563947de5162b95145f2a8b8097ca30f592193 8c84053453390b462624a2f515d633e831025fb7af6bd8d8e3642c091c3d5841
CLIENT_TRAFFIC_SECRET_0 048cdb34b84a4c2757aeba15ec563947de5162b95145f2a8b8097ca30f592193 0aa728e14bab6217793830a11d19098f4ad42dbc639b011f86570dbd6c3b5554
SERVER_TRAFFIC_SECRET_0 048cdb34b84a4c2757aeba15ec563947de5162b95145f2a8b8097ca30f592193 2966e580781dae94d91ae87bf62a227a2b578f284a622bfedce36dabb03e38cc
EXPORTER_SECRET 048cdb34b84a4c2757aeba15ec563947de5162b95145f2a8b8097ca30f592193 19cbea7e3fb0707bfa1fd00af17cff6438c572a9fdc52cdf590cf962b0071736
CLIENT_HANDSHAKE_TRAFFIC_SECRET 23d30f56b718618f88ddecd426cc8ffe596e014d0c267371f9465562e7e3457a 9ae8dc359fe0f5ae9f5d2292a4125bbdc93af97e3305e30154b15d3330e9ef14
SERVER_HANDSHAKE_TRAFFIC_SECRET 23d30f56b718618f88ddecd426cc8ffe596e014d0c267371f9465562e7e3457a f14fc74cc08d00b5bfb6dda7973102599bb0cc581a503b4d19ea17c40e624294
CLIENT_HANDSHAKE_TRAFFIC_SECRET 54caae56ee05b5467e3974ab18f992b719fe7c6c6fed2a64dc4bce2c9b30c551 e9c78df6a0c5236d442227616ad5c0226570327f3d6bf05814a35ec92a2efcf2
SERVER_HANDSHAKE_TRAFFIC_SECRET 54caae56ee05b5467e3974ab18f992b719fe7c6c6fed2a64dc4bce2c9b30c551 07aee98b15f1742df93c9a8916b8c6e318de038b702312d59c5302766cbe5e6c
CLIENT_HANDSHAKE_TRAFFIC_SECRET 639667f3c43fa3d6057719f93eab0e2f42a00ab725f2ac9027bafe0faab31e45 e32c211484c7b7cf49cf7d2dc79047091a53407843c7cea0832d93cb26d4ba02
SERVER_HANDSHAKE_TRAFFIC_SECRET 639667f3c43fa3d6057719f93eab0e2f42a00ab725f2ac9027bafe0faab31e45 771ccd93e9e17b1cf433cf26b9bfd0103b5875a450c5106f9e8d4e54fa79a963
CLIENT_HANDSHAKE_TRAFFIC_SECRET 63e122a2655d3dd41be22dbe941198446c9327c8dae495d42627685d02a794ef 3d4a8afc24e60480fc59860dc56226be894a90b626ef81029000cb042c5275ea
SERVER_HANDSHAKE_TRAFFIC_SECRET 63e122a2655d3dd41be22dbe941198446c9327c8dae495d42627685d02a794ef 87669b49dcfae8cc543e778a694b001c9419726826dd19d360d9731a3e14d8d3
CLIENT_TRAFFIC_SECRET_0 23d30f56b718618f88ddecd426cc8ffe596e014d0c267371f9465562e7e3457a 0d14abded4281fa75098ad07bc838f44c1ab68d6be0f11d078371b24dd5712a0
SERVER_TRAFFIC_SECRET_0 23d30f56b718618f88ddecd426cc8ffe596e014d0c267371f9465562e7e3457a e64cd7fb5b91e469ce62e6c61dc8b34e87f25a8983420a5e00f52f2cf23426c9
EXPORTER_SECRET 23d30f56b718618f88ddecd426cc8ffe596e014d0c267371f9465562e7e3457a 68dd794ac7248d46728e00a6c446645520a94f9a058a64472f5399e550015cd7
CLIENT_TRAFFIC_SECRET_0 54caae56ee05b5467e3974ab18f992b719fe7c6c6fed2a64dc4bce2c9b30c551 5738c6202f459eb887c7e1285e165680c5e09ac27bcf58e3f191c5acce3af984
SERVER_TRAFFIC_SECRET_0 54caae56ee05b5467e3974ab18f992b719fe7c6c6fed2a64dc4bce2c9b30c551 34f434dabce6eb4c74605a3f04009e9e54ae84a32926cc7e4d5744774947090b
EXPORTER_SECRET 54caae56ee05b5467e3974ab18f992b719fe7c6c6fed2a64dc4bce2c9b30c551 38c36dab4dbeb3298a3029246493ce607e2f3fa1ac44005b2d049f3c7d3aca91
CLIENT_TRAFFIC_SECRET_0 639667f3c43fa3d6057719f93eab0e2f42a00ab725f2ac9027bafe0faab31e45 99a11ca4f36db75651d1b38424d65509c0303290ca7b802fe9670e05ffd14e29
SERVER_TRAFFIC_SECRET_0 639667f3c43fa3d6057719f93eab0e2f42a00ab725f2ac9027bafe0faab31e45 9e59023426db6ee0545c029670e7f9a784ee6168f95a125997111fa4d8348685
EXPORTER_SECRET 639667f3c43fa3d6057719f93eab0e2f42a00ab725f2ac9027bafe0faab31e45 e109ccf9f9c22d9675a255af7b933c49c0d3c568de1550babfa5fa86a4238aab
CLIENT_TRAFFIC_SECRET_0 63e122a2655d3dd41be22dbe941198446c9327c8dae495d42627685d02a794ef 523a6ff6f4cf1c1238b06ad05f3194dfcfcd31a503199db9b6e62dc0e887b167
SERVER_TRAFFIC_SECRET_0 63e122a2655d3dd41be22dbe941198446c9327c8dae495d42627685d02a794ef 37c1b009b4af93728dd5549932ae3cdb4461c23a5e74128b4e0f8d9247473889
EXPORTER_SECRET 63e122a2655d3dd41be22dbe941198446c9327c8dae495d42627685d02a794ef 456395fe6fc126c3681b14e097b2865ee32b6827c847314f197aecff61c51548
CLIENT_HANDSHAKE_TRAFFIC_SECRET 3a2cc80a9d03321bfafc930945a6115c7f596fcc16be00457f81eb329a556346 61fbadfccdda80af5ca01bf5f31ecfa24b07858c525972988e4af318cf025b2c714687837c7567eb9908d585dddd7bc4
SERVER_HANDSHAKE_TRAFFIC_SECRET 3a2cc80a9d03321bfafc930945a6115c7f596fcc16be00457f81eb329a556346 6382ee6998d73d18dba638d7885105731dd96725760323721be9f0c453f366a51e0b8d7b67570a0c5d170ad8c64b3452
CLIENT_HANDSHAKE_TRAFFIC_SECRET 346d30d01bc677fd1c471d5e55206f727566907fa0d63f6cd2aa2ccb80dedd7e 1daf3aaa6fff490fd4ad05dfceea5d3fdc93e868d9082ec351cc0666e68b175fa62099c3606a70ce1ac56bcbd3ce29d1
SERVER_HANDSHAKE_TRAFFIC_SECRET 346d30d01bc677fd1c471d5e55206f727566907fa0d63f6cd2aa2ccb80dedd7e 40ca09dad775ea08e837b0f6c71ef04a0a34ec5b11bbd8fac65a63d081713ca332df4c669a4d6b81c6ab273b06e5bc74
CLIENT_TRAFFIC_SECRET_0 3a2cc80a9d03321bfafc930945a6115c7f596fcc16be00457f81eb329a556346 40389a40410b0c898273f1fc5dd1c0baace80380edc853169a009b5b7c5368171bf4dee1789cae4a869f1bcaddc820fc
SERVER_TRAFFIC_SECRET_0 3a2cc80a9d03321bfafc930945a6115c7f596fcc16be00457f81eb329a556346 10e2afb23418270c16dc5f5d90be5b51894c6900b5c0cc6b6c2f670aeec2774ff9a721debc5746c969e2179e9a0b5263
EXPORTER_SECRET 3a2cc80a9d03321bfafc930945a6115c7f596fcc16be00457f81eb329a556346 c0b5f16b87f2410195451d6b511b84cebabb1e080ed498fed7c1275eb6e3722b029a2e777967bb6e495d0a5ea9a766a8
CLIENT_TRAFFIC_SECRET_0 346d30d01bc677fd1c471d5e55206f727566907fa0d63f6cd2aa2ccb80dedd7e 7a46d3ca1f95db13db3b2d6c8e01435627854e5171a4bb9ac6e0cbc1641f8c7bbd9607ac0f9939e061b993e7c7541e64
SERVER_TRAFFIC_SECRET_0 346d30d01bc677fd1c471d5e55206f727566907fa0d63f6cd2aa2ccb80dedd7e 269b3c7b6a41ddfcf061a1d27221414b6ec66b5025c303500a4af2958cd950dacaa8ff9230872cd921ac352e9318d284
EXPORTER_SECRET 346d30d01bc677fd1c471d5e55206f727566907fa0d63f6cd2aa2ccb80dedd7e 9283c55c0769ba1ca9bf24db98530e815a6500aa7767f634e3c9ec7bcb8cabe0c400aa28a5b358aa3be2d1e0c5bb5eb1
CLIENT_HANDSHAKE_TRAFFIC_SECRET e567cf675241e82cd99f6baacca7ae174a23cd8a16fcc1d31b000ec4ecaaf6de d445a42466700073490edb6325e5e78556b8657634f9f845b5cf176853a83a01b13c8925e6b6bd76aa00794acc41a1b9
SERVER_HANDSHAKE_TRAFFIC_SECRET e567cf675241e82cd99f6baacca7ae174a23cd8a16fcc1d31b000ec4ecaaf6de 813525facd514af78a3eef9ecdbac79ac7ae1b0cb23b2921915339f91fe7966baffed355fc173d224924660073883ad0
CLIENT_TRAFFIC_SECRET_0 e567cf675241e82cd99f6baacca7ae174a23cd8a16fcc1d31b000ec4ecaaf6de 1db95ddeeb63c4d443bcc9920ef48ce8eec6e6f5696ab0a2388489258148d291781142dadca7cc055cb8d2fe6cdc1f2b
SERVER_TRAFFIC_SECRET_0 e567cf675241e82cd99f6baacca7ae174a23cd8a16fcc1d31b000ec4ecaaf6de 5c07f6ebae21a3f3bc6dba6486d321e182f55e22191f6edb19eb4677880504ef8fcb8f0167918be7483d9d253dd82bc1
EXPORTER_SECRET e567cf675241e82cd99f6baacca7ae174a23cd8a16fcc1d31b000ec4ecaaf6de 8e160b855b39cf8eec4f741746438967fc81426ad7cc5b3a1ca4e83ef6f333debfcbf6cb799cc1a4dbbd82f7078c8441
CLIENT_HANDSHAKE_TRAFFIC_SECRET be993fc8f1823cef7f688bf3b86a093f300a6e6e0f88fc80f63b3b4d41fee3d2 29d197b317bf31a20804825eb403a42a98123aa19418638ee5cc9320c2d03e75b95b2e02070a0bdc3d548e53028f4a73
SERVER_HANDSHAKE_TRAFFIC_SECRET be993fc8f1823cef7f688bf3b86a093f300a6e6e0f88fc80f63b3b4d41fee3d2 5df1573251af156c3e5310b06eb3c6c4a4c0e9642d9ec2af2d63f98ae6f85533cc0c6659b5b217d04c55942240390547
CLIENT_TRAFFIC_SECRET_0 be993fc8f1823cef7f688bf3b86a093f300a6e6e0f88fc80f63b3b4d41fee3d2 55770e13442ba81baa93a86aaa0d98b8d5621a1971ab4d3151fd96e97fbfd5558919f5e519ba9b1a3b637ac78b912e8a
SERVER_TRAFFIC_SECRET_0 be993fc8f1823cef7f688bf3b86a093f300a6e6e0f88fc80f63b3b4d41fee3d2 d414690bf919e3489d93f9baf82557d77c1152d832f5e5777c21b65fcd33598f34b7a923c649fb8b5c135501adbcd74b
EXPORTER_SECRET be993fc8f1823cef7f688bf3b86a093f300a6e6e0f88fc80f63b3b4d41fee3d2 d81fd95987b5e623475807eaed668fb5d69c7b703532a9ae2e9f2026b130f9a9d3fe716164af5cfe99267cd62b0ada02
CLIENT_HANDSHAKE_TRAFFIC_SECRET 92e63eaae2da35da01b2bdff31f9fe785ed44d7f3e202b68c8bf8c63be907013 9134134274033db2a85dc7540a4a723cc97e995c183a406583aca91696996e3f
SERVER_HANDSHAKE_TRAFFIC_SECRET 92e63eaae2da35da01b2bdff31f9fe785ed44d7f3e202b68c8bf8c63be907013 2626d01d320cad59455de421f43cb07688fa311ec20131e469fb14cef15b3c4b
CLIENT_TRAFFIC_SECRET_0 92e63eaae2da35da01b2bdff31f9fe785ed44d7f3e202b68c8bf8c63be907013 094043d6f650c81aed8fd7e64987dd182808de173f615c8581dc5ad32043e844
SERVER_TRAFFIC_SECRET_0 92e63eaae2da35da01b2bdff31f9fe785ed44d7f3e202b68c8bf8c63be907013 dca13ea66c053e520ca8216f2a7d0cea1a715e1f10ca35f7c4fcc9b7e0040efd
EXPORTER_SECRET 92e63eaae2da35da01b2bdff31f9fe785ed44d7f3e202b68c8bf8c63be907013 d9699a652cfc1ef55f2ab6e29c83fb552922ab460735c84447a53abc779d5ec1
CLIENT_HANDSHAKE_TRAFFIC_SECRET 916d94b05751d9bd588e4f49e7873df2552f1335751c9d89461409565c132028 15f121252bc207bf4ae600d8dd3f4a331baf525aeb5e9a491ef9442d37d8e4d9e871b4338fc6adbb64bd625c698c60ef
SERVER_HANDSHAKE_TRAFFIC_SECRET 916d94b05751d9bd588e4f49e7873df2552f1335751c9d89461409565c132028 396675d4fc7f75eb191cafcffd32e50f0fb23aa98e430bfe95bc99eda0b603e0498290792ce27f4e47f8d526d70940cb
CLIENT_TRAFFIC_SECRET_0 916d94b05751d9bd588e4f49e7873df2552f1335751c9d89461409565c132028 84eaa89c9649252947dedc6cda9c486e4fdf2836ec97dbf21db5691839195d3456ec6a726e584cd4e59319c9d846edc4
SERVER_TRAFFIC_SECRET_0 916d94b05751d9bd588e4f49e7873df2552f1335751c9d89461409565c132028 00b95bb7a32157451714f7d567527e39f5c8e832db8d104b2cae1167da347f7b616a1d8f7f0bc1d8cf55bb8907df4b98
EXPORTER_SECRET 916d94b05751d9bd588e4f49e7873df2552f1335751c9d89461409565c132028 b8694812bba7757f10f3a14dfc70bcc28973ccf9ead8e3c32e192af80bfb6ebaf59e583be2d64f738f452ca310f1706a
CLIENT_HANDSHAKE_TRAFFIC_SECRET b4367823c74f0c98cb57b4714603126852bcfc951d4769ef38550e2900727a86 379797f16d551efe0cd94530aa68081628bb746bb3fa9fd4a2825ad2fe5051e56da897441bd0bbba9648bb7dbe6721f1
SERVER_HANDSHAKE_TRAFFIC_SECRET b4367823c74f0c98cb57b4714603126852bcfc951d4769ef38550e2900727a86 fe358fa1dab3d42da934ed79d2e87c5da05a8af5ff7e9486cfa4679c19fc7dfd3069fd63d59d72103ec3b7b74868e103
CLIENT_TRAFFIC_SECRET_0 b4367823c74f0c98cb57b4714603126852bcfc951d4769ef38550e2900727a86 2a860fe82dfc766684b3439c6ee791ffdc239531e98185dc2c56fe0cb049271b7a30d9ba048303fe798279041ea22ccf
SERVER_TRAFFIC_SECRET_0 b4367823c74f0c98cb57b4714603126852bcfc951d4769ef38550e2900727a86 76c5c11911ad407f04fd5ba0bb5bf5ec7c3e5206f7486dc67f4ce1518c9da0b0f1a5da3622aeb0d3827659210d2dbc92
EXPORTER_SECRET b4367823c74f0c98cb57b4714603126852bcfc951d4769ef38550e2900727a86 70b58e427e27651a79965e8b4bcbcaf8c243e1a647502c40fc24bd29d4c81d478aa7e11dc269af68317af37ffe6107ae
CLIENT_HANDSHAKE_TRAFFIC_SECRET f8b7f995af6cec423fa40bae630790a7e6bfb91fc4f20563a59a4bf2941c29a4 0d1e897ea4bf947d99f111d3ab18f1a17fd9068788c22847e98891e237ddf589f565e21415932c576eba67868180d687
SERVER_HANDSHAKE_TRAFFIC_SECRET f8b7f995af6cec423fa40bae630790a7e6bfb91fc4f20563a59a4bf2941c29a4 8a1e32e4952a8d0557c1db2a57f82ac9252a10b26546f4f7e086961f4b99ac83b8d963f34894d5cd7f06db6da2a95d06
CLIENT_HANDSHAKE_TRAFFIC_SECRET 37ade2386ab84c2b6fef2e5bb43681013e5ee47d201c985d7aa5200879df5f4c 243ba7d88ce877099e7ac927c41418f05bed54229a814aed7364b602f90094cef133bbe03c6326fa6098f7fdbf0754d4
SERVER_HANDSHAKE_TRAFFIC_SECRET 37ade2386ab84c2b6fef2e5bb43681013e5ee47d201c985d7aa5200879df5f4c d4897250fe6032d9b0d86360365e57b449794d3e7da200dc3011d695f5c0370e7cc4524a3f30f82031828c2e84b971fd
CLIENT_HANDSHAKE_TRAFFIC_SECRET 5fad8a91f2a6eae79ca004f3ac62614fea53b7c6a86a0ed59bd9247951aa199b 98dce659f820a088a8efcd34da8f7a6e4ac8121ebc1488a8e296d51148a874a7467805f214e0baea0e4e812049c0bd24
SERVER_HANDSHAKE_TRAFFIC_SECRET 5fad8a91f2a6eae79ca004f3ac62614fea53b7c6a86a0ed59bd9247951aa199b 178cef94d2465a64c04dad151c9fbf9d80f8b255db4753bce682562d39025f5fc2ff0d67c7b5b1cfaa822e3aed8203f7
CLIENT_RANDOM 013ae4f93b6b37a965f2dddc23e9f6cb4d53dc82dcc6a03645b597a783594d8d 20913b800c69af7926d9ddf16a5bbefd76d2e6022ed7cf1bfe285f2416290f516e28e36d2bdccb2ecd3548294210f05a
CLIENT_TRAFFIC_SECRET_0 37ade2386ab84c2b6fef2e5bb43681013e5ee47d201c985d7aa5200879df5f4c 45df9efb42db58a7e6da1ab5bb9aed3f4159496535d39ec87cfaede1c1599889cacdd1b0c7f2b52eaadf2c832db67504
SERVER_TRAFFIC_SECRET_0 37ade2386ab84c2b6fef2e5bb43681013e5ee47d201c985d7aa5200879df5f4c 981cc2a0d5f746c6d74ac807508ba3ae983149c6d3077a922facf5f5d170f7e577243f7b61cd45847b1c85cd0c0f4d0c
EXPORTER_SECRET 37ade2386ab84c2b6fef2e5bb43681013e5ee47d201c985d7aa5200879df5f4c 95a523ff12b38bd7dc5f8356918b2dfab3ce0e0bbec194e06bd125d32316a3cbab85fda74b27ba94731e0bb471dc6893
CLIENT_TRAFFIC_SECRET_0 5fad8a91f2a6eae79ca004f3ac62614fea53b7c6a86a0ed59bd9247951aa199b ff5c39b78bd2e033b3722a330d0fa82abc011e28fa6692a0c94648f2e2c18f361d5dbf1a7ff9c8d60a9d159d9e850094
SERVER_TRAFFIC_SECRET_0 5fad8a91f2a6eae79ca004f3ac62614fea53b7c6a86a0ed59bd9247951aa199b 20e27ef59014584b03302aeeec8fc669c7f4c9f6fc47b9e65368ed00f18b29506d2a90ff3f498f94f02f1003ed6fd770
EXPORTER_SECRET 5fad8a91f2a6eae79ca004f3ac62614fea53b7c6a86a0ed59bd9247951aa199b 9ea955e59341bb78f2f01107811079ecc125dad8e77d00dd7c40d35366696175a5de04d4747bf8b18b0d54e52004eb3a
CLIENT_TRAFFIC_SECRET_0 f8b7f995af6cec423fa40bae630790a7e6bfb91fc4f20563a59a4bf2941c29a4 ee517ccb091373ed933ce17403cdab2dc3992f1c1d2a87f5af5648d111cbd424d699a8be9002de1571b26a9d6c3a86fa
SERVER_TRAFFIC_SECRET_0 f8b7f995af6cec423fa40bae630790a7e6bfb91fc4f20563a59a4bf2941c29a4 ec9b6cf963ef579fa33dad05dcafa7e3bfe376b3a20897719880df1d02f50b47ef692581e651d04d28c80771cf2c4f16
EXPORTER_SECRET f8b7f995af6cec423fa40bae630790a7e6bfb91fc4f20563a59a4bf2941c29a4 3a4815d29f420346802d4441ee3eba7c0c56601156bfd12a58bda7fd5fc55d79acd95e70b36c76dd0433c2749766d618
CLIENT_HANDSHAKE_TRAFFIC_SECRET a42acb6dc35add9505a7cc5682e34f1bd8c2fd75e2072391d169ad175bc04c4f e373ff485486ff8a3d600d2681227cbdfa980525400aa04a33440eeb5eeb528f872c70727022f0ca0a5cd721f130bb5d
SERVER_HANDSHAKE_TRAFFIC_SECRET a42acb6dc35add9505a7cc5682e34f1bd8c2fd75e2072391d169ad175bc04c4f 5ae37d21ac080ebc54ce01b45867954d0f6f0e10abcd4763084960ee74cab79efad5c7cbc3f87bf6d089b9acd0ada5d8
CLIENT_TRAFFIC_SECRET_0 a42acb6dc35add9505a7cc5682e34f1bd8c2fd75e2072391d169ad175bc04c4f 807a999286fece1905bbadb740404460c90b23fe549fdef52933f14876ed2ec114a7bbef564ee375dc418f0111825f66
SERVER_TRAFFIC_SECRET_0 a42acb6dc35add9505a7cc5682e34f1bd8c2fd75e2072391d169ad175bc04c4f 61c426f1e96795643950be12b4975d7ccdc5c73c05e8f8695fb46c4e46719c3cb03d9709a33a67f115c227b28f2cd406
EXPORTER_SECRET a42acb6dc35add9505a7cc5682e34f1bd8c2fd75e2072391d169ad175bc04c4f f93d93dbf0bf1c0c391f9832482315a3d6dbb7f5344a782d519683f44abacf0dd56b3e99ef6353560c263bd1f4af413d
CLIENT_HANDSHAKE_TRAFFIC_SECRET db6fc9d8c5fa879a2c4cbcc42a33ae8aed28b775c33558742f6126ddb1402e67 d654eb1a0fa7a0e575ff82056406d4f92dc877dd0af3205ab0ad6577e274bbe8ff72cb83bdfd43fdd4c0b7a64b56b830
SERVER_HANDSHAKE_TRAFFIC_SECRET db6fc9d8c5fa879a2c4cbcc42a33ae8aed28b775c33558742f6126ddb1402e67 1f62d386801ed0a805d9fc3ebdb0c1473a331977ef29f6eda3be9058d2b6c84d7892ef6358d734eb1bdc819174805ab5
CLIENT_TRAFFIC_SECRET_0 db6fc9d8c5fa879a2c4cbcc42a33ae8aed28b775c33558742f6126ddb1402e67 ae56a5bda7f08db065b463aaa63e6fa2a8c871ebb17e81b669c28c231b97e9a4dfde6b3938a0453d029dafa8263e809a
SERVER_TRAFFIC_SECRET_0 db6fc9d8c5fa879a2c4cbcc42a33ae8aed28b775c33558742f6126ddb1402e67 c858c5b51bf5f8247ff746ab0c194fbaf53fe973be9e17c3ce1af03e1c5033775a4820189811be636e79fabec827ec23
EXPORTER_SECRET db6fc9d8c5fa879a2c4cbcc42a33ae8aed28b775c33558742f6126ddb1402e67 196cccf0b9994f0718941f9a18a42e76be53b5df355799eb78fdf8d0f9e63746d1a3f1cbf39d1fe3abd6874c077908e4
CLIENT_HANDSHAKE_TRAFFIC_SECRET 97fa7248881841366ad10ef604fd6056e176b23e369d391b6e363b4310de184d 0c292a2e1d167b290960faafd033e97f90e68e2a2021e2c2cdf6a57653d8695f622be534f78a1bd8a2c398bd92fbd040
SERVER_HANDSHAKE_TRAFFIC_SECRET 97fa7248881841366ad10ef604fd6056e176b23e369d391b6e363b4310de184d 9839f4ec1d8432e26606ec44407ae5e5fb6a95cdbd7aa84eb807fe392e83d8c8629ffc079c0fd43dea4f573865617432
CLIENT_TRAFFIC_SECRET_0 97fa7248881841366ad10ef604fd6056e176b23e369d391b6e363b4310de184d 943d6cab2c76c14eb7056e94badc3376c5be3f48a65ae09d8101c3fa808b3a01e7cfc4e567b9bda7c29c8b7a1722bbed
SERVER_TRAFFIC_SECRET_0 97fa7248881841366ad10ef604fd6056e176b23e369d391b6e363b4310de184d 9631b00f199e03076f9c0b0e3efdf77a91ea11f9630f892c9c3a0d0167ff8ca19eb06d599848b04726e4d234fc62ae61
EXPORTER_SECRET 97fa7248881841366ad10ef604fd6056e176b23e369d391b6e363b4310de184d e2426464cc1d59817c2fdbee5348ee968ae71339c7afcc6c2eea8d802b93a77cc8c657396a067a1b04807f2c6bd169c7
CLIENT_HANDSHAKE_TRAFFIC_SECRET 11321773f5271fa296dc8f31776b8c66ddf2b7ac795ece39a7c1402df57186e9 1db33fa0f2805cd1d74910d97af887f7d1fbcc00c9d5d1c29fa00f8a138a346e6629a5887ea8fbcb515f4cac7d183f76
SERVER_HANDSHAKE_TRAFFIC_SECRET 11321773f5271fa296dc8f31776b8c66ddf2b7ac795ece39a7c1402df57186e9 c21dc784ce5422d54066a1dc60ccee7be41310fe81dd6b1f33aaf549150e38623001489b5a1ca60437ee71202b748a54
CLIENT_TRAFFIC_SECRET_0 11321773f5271fa296dc8f31776b8c66ddf2b7ac795ece39a7c1402df57186e9 17dfb6aba3e26ef4a6ba22c13ce5072184a621b75a485829835525848621a616e99098a1e024c46c35d236b68b4a3999
SERVER_TRAFFIC_SECRET_0 11321773f5271fa296dc8f31776b8c66ddf2b7ac795ece39a7c1402df57186e9 d8e0cec0c0d3b8869baca30f19b457636d33b908647a4a1bb61cb2751a4af78b8ca2d70b9fb0b59cd0827e56c0848c15
EXPORTER_SECRET 11321773f5271fa296dc8f31776b8c66ddf2b7ac795ece39a7c1402df57186e9 5d432b44ab380fdfdcee7eab4aa9a19af5c52021e39cdec7237ae80a3cfe828d8d0460c6bebcacd36867391718479fba
CLIENT_RANDOM 4e2b56fe2fa625d40147c169bf64959b6853d8a9e922fedc53e76ffc1bcf4c9b 4a3d31f873770c5bb1e19c092318e5267fd050cbb9001063e42f09303abd10783a24ee59c4a0081ad6c0f793a622158e
CLIENT_HANDSHAKE_TRAFFIC_SECRET abc2f4e9a10e90055e7612d3d8d7cf43bbd47f895172a50ebf2dce75aac906e4 7713078955433cee96356458c48c2c7f9964739ec9a49269f426ff29c955764940366ddf83931b3767f8f580d25ed55b
SERVER_HANDSHAKE_TRAFFIC_SECRET abc2f4e9a10e90055e7612d3d8d7cf43bbd47f895172a50ebf2dce75aac906e4 ac3ff07ebd4c08e2a606d207a1df3443a4314064e870c180316e12832681bbbc67b298c6e48b2259fe8c693b3b8d9a02
CLIENT_TRAFFIC_SECRET_0 abc2f4e9a10e90055e7612d3d8d7cf43bbd47f895172a50ebf2dce75aac906e4 c4065bef092837c7d6c1c674367795a0ccda0bdf591950c3c835a7e80dfcc12916f6b73f93e577b497ee00b6b1b2e5ee
SERVER_TRAFFIC_SECRET_0 abc2f4e9a10e90055e7612d3d8d7cf43bbd47f895172a50ebf2dce75aac906e4 1b792bb216494e6576a6b505c00328bd6a81577a44fdf1f7ec35ee3779da39fbac5daa8a2e826f34fdcd1fc174337ff6
EXPORTER_SECRET abc2f4e9a10e90055e7612d3d8d7cf43bbd47f895172a50ebf2dce75aac906e4 6de467f3936e093f0e7a5c7fa9727b896a69b397ff5de55a0556be207a8762e604fccb6be86af49fb19ac61eb696597a
CLIENT_RANDOM 356c80bec2c8a776fa651a4d7e329da28aadff48c73dfc37910bbcafc781a55b 44106d30f50da18e9e93969550b0bfb7de42b86415bbb4d34a240f08f0008e67cec8f041fb4ba193bd79a57d308142a2
CLIENT_RANDOM 94c86d4936c407fcd52ae58f63cd347d65a9b1cde29806b5bc922cf550e7348c 2243050464dd63943fb1e67f743380e0c9c4d446bd82958e5296b7c502c13128970e865d712465839f4afa099a500a26
CLIENT_HANDSHAKE_TRAFFIC_SECRET f26027c6544d134aeb345d882b056613bdb39381ba5fb8d9265868bcb9273fbf 662bc32ea13f3dadf9245b2160bf5193bf1189c22adb542f8ba1056d7c134b8f
SERVER_HANDSHAKE_TRAFFIC_SECRET f26027c6544d134aeb345d882b056613bdb39381ba5fb8d9265868bcb9273fbf 2c3eafd5886693d8073f6f072fb855965c8eda7c00f2ef33eb6dfcb9f571cc1c
CLIENT_RANDOM c5fb8f4c9c58fc82be579d00f4996fd63bd401fe5bc02ec1034d1b9f29bc8264 9fa1d50e1cfd5e85000489d1800a227aa00795364621138213b5ea996cf781b3f844d565b8aafa4299fa8eef0f3becd6
CLIENT_RANDOM 59d3ed2df5a24ed912a294fc33f6079a14371b4e0a2b2d591f4d950d4b539de6 4a3d31f873770c5bb1e19c092318e5267fd050cbb9001063e42f09303abd10783a24ee59c4a0081ad6c0f793a622158e
CLIENT_TRAFFIC_SECRET_0 f26027c6544d134aeb345d882b056613bdb39381ba5fb8d9265868bcb9273fbf 752d3556eee570b3afde590187e3e806e0581186ec47fd31c9e371cfef6f0f4f
SERVER_TRAFFIC_SECRET_0 f26027c6544d134aeb345d882b056613bdb39381ba5fb8d9265868bcb9273fbf 081706c0012041d58713298b72092dcf482acf3e34c84d6198985e3a10059152
EXPORTER_SECRET f26027c6544d134aeb345d882b056613bdb39381ba5fb8d9265868bcb9273fbf 6e2f192fc74e9afc5d7cd1f1a4794a253df8dd4e294f2fa0c81476e851be796b
CLIENT_RANDOM 21e29c41a6db4423709df19fd44ab90d1c10d242a8435efa525d70f84af6867f 22e1a5ac6c60ec1c12ee85f2f83b7ba52e047b409519e3495ad9ea552707fd661a67407777e35cdcf0c79fbf9ed48470
CLIENT_RANDOM a6459dabad67454312c7df15f8a900a87d8f4670c5f278b2caf5523a4c57be02 fb3bc2b17895a50ea5d23da6c9faafe09cb321bb8ca6da8930b3ec47d5cc8faccd0e2eb8d321fb4755e17c315cd40a43
CLIENT_RANDOM 6e5fbc392bdbe31bcd92e18418c671c1af3c8004e92532ef6cb62391cd9310b9 81f4e90cf224ace193b1326ddeccba012e42845322d092f65ab2c1ac0bae83d84453da511ee750059c4cadfa485a4410
CLIENT_RANDOM bd39986382a42c8afa0f72c9d6321d2bfce9291cc313b61953e167da7f41455f 1327d30f0d32589455cda00d49d0ab553c2239a8e0ca46ddc2045cfc62f761c2221bd96e515a3b37784d1528f5ea697f
CLIENT_HANDSHAKE_TRAFFIC_SECRET 1b31914284a877f04aeafec0ede5edf067e2de95b06e3b16c129d25bce2555bd bb93338811c677fe3290ede71c7b44902222bf52cf63993cf2be9f469ab522d70b5d5511619d817b1c9bf6f8424d639f
SERVER_HANDSHAKE_TRAFFIC_SECRET 1b31914284a877f04aeafec0ede5edf067e2de95b06e3b16c129d25bce2555bd cf62e5c9025a9d95f4967c98a936c1c787c037f47dc672ab6fa32909bca199b927291c9eb1765592955e5c9cebf935c4
CLIENT_TRAFFIC_SECRET_0 1b31914284a877f04aeafec0ede5edf067e2de95b06e3b16c129d25bce2555bd f02b368f4c1d78c277576b8cbb65a951d3896ee56622a20e3f5856f94aaf76c80469429490e27dddbff5cf2888063219
SERVER_TRAFFIC_SECRET_0 1b31914284a877f04aeafec0ede5edf067e2de95b06e3b16c129d25bce2555bd 22708e6bb110e258a88249afc841bf03fc5c2969aae0eabd92628ac4a8be97068a547cba6fb69a283e8fe995ea78e89d
EXPORTER_SECRET 1b31914284a877f04aeafec0ede5edf067e2de95b06e3b16c129d25bce2555bd fbdab523c9140624d3b079b2a50a0126185736c52962406d3d398eedc2477d83ac1f9cc01100130d86ca158f574595d9
CLIENT_RANDOM c8413a1d47c382f7daede79dc17d11cfa019807df5aab341cecea4cc6a999ca7 4ba89b965e9a2060b26eea8d3c90cca3d10b29ffc370c0f230cd56e8b68b9e18b2d77f51921c170c368d6b04917e0177
CLIENT_RANDOM 6f6382f3d563f71178069b1b0f1594627b79a9532490cb6244b9950825fa56a0 1327d30f0d32589455cda00d49d0ab553c2239a8e0ca46ddc2045cfc62f761c2221bd96e515a3b37784d1528f5ea697f
CLIENT_HANDSHAKE_TRAFFIC_SECRET f068bedcd47b6737a51bea47824d8b9651aee05e427e0e8ede27590aebf7fd27 8bf14e20d24644795034502db2f9a790e7b94130019615955fbf1eb5a7e7118a884d05f083905d4b1872b6880b3c4deb
SERVER_HANDSHAKE_TRAFFIC_SECRET f068bedcd47b6737a51bea47824d8b9651aee05e427e0e8ede27590aebf7fd27 de2c1bf3d3c1b863274d15e3be4bb2d03af9bcba8e79eb568f0c59f3f51268af175be6e909952b204709e686a92de759
CLIENT_TRAFFIC_SECRET_0 f068bedcd47b6737a51bea47824d8b9651aee05e427e0e8ede27590aebf7fd27 2ac36a0fe271f6667d66e266d9e4c017ad62074335d2bfa96dc037ade804ba4295e722a15740437fa57757be27dbdb38
SERVER_TRAFFIC_SECRET_0 f068bedcd47b6737a51bea47824d8b9651aee05e427e0e8ede27590aebf7fd27 fb0300508a628bc2b589e2c34625806e4e396cc4a3edb018c0ed79fc6d0a435546f70c7ac8e5fc0cc0a6bdef366d5e4d
EXPORTER_SECRET f068bedcd47b6737a51bea47824d8b9651aee05e427e0e8ede27590aebf7fd27 3ad7760bf6cba60d06670f6ea17511cc3f66e015dc46a2a87864cbccb04d9251d3047aa568db07353a64c1284bce4e04
CLIENT_RANDOM 2641d3f56e0df87e16866e200ef6142da8eeb97a6734348804265f1df10868be f7f5f5db897afc98d2af330ee0ce6b55e776ba3953456c60879003eecd12e5ed12f9977c30472626ee73fc87a89a62ca
CLIENT_HANDSHAKE_TRAFFIC_SECRET 4972214e51e6bdd47ab9d80d0bd69e6a83f6d712ad08daf46b3dc14287a2eda2 012390f7b460080c74f58844e03641284a20138d833f92054082f81c28a17ef089b1abda6af0297b8e29b303431c61a0
SERVER_HANDSHAKE_TRAFFIC_SECRET 4972214e51e6bdd47ab9d80d0bd69e6a83f6d712ad08daf46b3dc14287a2eda2 67be61d833b293d37d926a11a5631e2c0464f5b538291ec6a981c26eb7bf5c932af78202396b4286ff2b41001853d1ec
CLIENT_TRAFFIC_SECRET_0 4972214e51e6bdd47ab9d80d0bd69e6a83f6d712ad08daf46b3dc14287a2eda2 6657011319816c2f427349b3fadf252eaee619f61f006993af045ccbd6e278fc164db435e4bb6ff219eab29ccd24c509
SERVER_TRAFFIC_SECRET_0 4972214e51e6bdd47ab9d80d0bd69e6a83f6d712ad08daf46b3dc14287a2eda2 1022911300f5e099a9245f4e92b6a55cc0c9a0142b859ed51b2e44ab79b34bd2f966fc07103b4a78d7b41fb3a91c11dc
EXPORTER_SECRET 4972214e51e6bdd47ab9d80d0bd69e6a83f6d712ad08daf46b3dc14287a2eda2 4ca13b316503d7b35eed0f1b726811fa6dec6f5d2403513f4f2d70bff25e7c37b05b3ee191b03f316b944fc61f980b4c
CLIENT_HANDSHAKE_TRAFFIC_SECRET 0a51aa26ad74c0406ea53455073e199c09ad62259c7cf82749f1b2bff2b52fd2 ab27484cdce08ff3c7da32bc7332949de28ec919169043619f0dcaeb2dd66365cbc96a3b4baf267b69cc3aa90c8f8a3c
SERVER_HANDSHAKE_TRAFFIC_SECRET 0a51aa26ad74c0406ea53455073e199c09ad62259c7cf82749f1b2bff2b52fd2 55433ce857b8a379ea6584d10eca4d88e65a43965007d3bab2516521dd3a2f935279c64a682fae234516c52c96abd309
CLIENT_TRAFFIC_SECRET_0 0a51aa26ad74c0406ea53455073e199c09ad62259c7cf82749f1b2bff2b52fd2 de2cb887090a9da37dfdcbf1f6d995427833ec26af3cc40d150f106478cea9ea3a3cbe9b67001dfc5e97cafe6cb7533e
SERVER_TRAFFIC_SECRET_0 0a51aa26ad74c0406ea53455073e199c09ad62259c7cf82749f1b2bff2b52fd2 838e67e950ced2542b95433422c458067c17124095059abebc525c5e07fcff04721dbd0055938b133360326f2a050675
EXPORTER_SECRET 0a51aa26ad74c0406ea53455073e199c09ad62259c7cf82749f1b2bff2b52fd2 44a8a4937b3d8c214f520c9a808e31242beb576fdf55c92209f1189433798c00d8fa7ff2f7dec8393e56624c705c9079
CLIENT_HANDSHAKE_TRAFFIC_SECRET e459e41b13bbad89ec354784261cbb4b56dbf18e88e0c1b2b17023d14fc7b195 38235a9f104ba98760ff7152b894eef6668d562c4ab6373f27fc9aa6e6aea5775f05bc2a7cbbcd6a32ab180ba198baba
SERVER_HANDSHAKE_TRAFFIC_SECRET e459e41b13bbad89ec354784261cbb4b56dbf18e88e0c1b2b17023d14fc7b195 6c797abc1b77c6bb6dfde48301a5ce452dbec1e5fc7d0943693edf2f064a3965b73bc36ff04ef0ddb82518619dca2f87
CLIENT_TRAFFIC_SECRET_0 e459e41b13bbad89ec354784261cbb4b56dbf18e88e0c1b2b17023d14fc7b195 73aa54f0c9693eab8e1afae143ab1caf3eaef03c35882a7d46d2882cad4875d89254e160b6ea1ef99060b1fefb4484a2
SERVER_TRAFFIC_SECRET_0 e459e41b13bbad89ec354784261cbb4b56dbf18e88e0c1b2b17023d14fc7b195 43e44e61b27ed1656b4b06e2e073d0bbbedd824eda775338540e5d490a9979b4df521c1e5c8149f331315df121bbb81c
EXPORTER_SECRET e459e41b13bbad89ec354784261cbb4b56dbf18e88e0c1b2b17023d14fc7b195 08646a5f551164fc001b7353c7ed5f7edfd33f47edeb76c7acae3d4c1bb7a7c251e6fa25306dd415284bf3cbf57708fd
CLIENT_HANDSHAKE_TRAFFIC_SECRET 03e4d762d2e760e90d243fe68a5a4f7ba32b12ad8e4404fd4667874757b3b9d6 656e5f85e6b6538ec2488bf3491164bd2f00490df57287bcafde53cf31c1fe22dbfa599827d91dbf62d7753a7bb9359b
SERVER_HANDSHAKE_TRAFFIC_SECRET 03e4d762d2e760e90d243fe68a5a4f7ba32b12ad8e4404fd4667874757b3b9d6 1736a3b87db72ad8ebfd3b3dea0e8aed3127aa4d71a8b826220b175653c49bd3c9a1d76b12b06373bbd2362edc71ceda
CLIENT_TRAFFIC_SECRET_0 03e4d762d2e760e90d243fe68a5a4f7ba32b12ad8e4404fd4667874757b3b9d6 53c1b4c12686c9a9df8d97b6812bab9eeb8fefabcee1078cb5478e9f5c83dbb75c3861986dbfc65df824e279b708fd3b
SERVER_TRAFFIC_SECRET_0 03e4d762d2e760e90d243fe68a5a4f7ba32b12ad8e4404fd4667874757b3b9d6 40e539514c27d177797643e424e4be441b27d989b78eec122f2f8d3f49ecb4f2a6d179576879333d851f646ccb6b1145
EXPORTER_SECRET 03e4d762d2e760e90d243fe68a5a4f7ba32b12ad8e4404fd4667874757b3b9d6 e3a2b270ebcf5a883b82105f2ec01e8db140e42fbb096bf015e8022e12b1099b9b90dc27b576e7646afa1d3bf0d7d794
CLIENT_HANDSHAKE_TRAFFIC_SECRET dbbb3df9b60262ae0fe437371cf1ab181bf469588f7bd78fe997b41728c8d527 d3bc3c13cab68630f05915c74a5bc1d2a4b07ecc3407052333771a83c10d61f070068b6d149b6fda7d5fe881b50acd9f
SERVER_HANDSHAKE_TRAFFIC_SECRET dbbb3df9b60262ae0fe437371cf1ab181bf469588f7bd78fe997b41728c8d527 17da479cd210198bf41ffeee9ccb23215276bbee8e2026f97e57ead6c86a9d28ed32799eb3bc0619545d21d5583501af
CLIENT_TRAFFIC_SECRET_0 dbbb3df9b60262ae0fe437371cf1ab181bf469588f7bd78fe997b41728c8d527 f961839f0f137c97e964bfca08b7240840bc611777521b6ecd9971b3405944d3e8eadedc8ea02711e47e25b79c79ae56
SERVER_TRAFFIC_SECRET_0 dbbb3df9b60262ae0fe437371cf1ab181bf469588f7bd78fe997b41728c8d527 bbca7a8a06bd3b2ed9222b705ab8ffccb840d9bebc2f5c1eb5292f4ad9edd4454442594382a000508fe1bd38f582fba9
EXPORTER_SECRET dbbb3df9b60262ae0fe437371cf1ab181bf469588f7bd78fe997b41728c8d527 650cfcd08fee3eea2d49312b48178be30aa7c3974ead83e0a30949f69f562d4f983e9235e0fd304cc5f95029df49d1ba
CLIENT_HANDSHAKE_TRAFFIC_SECRET cd03bfcdb1cbea665787edb6663bf21add4dd5f72c3559cfabee15e49d492742 91fae007e3f77e238e5aa5c38f681232a45989ea6af09fe3617e61e5e4f75c5cd2c016353f8ec525149363730128b978
SERVER_HANDSHAKE_TRAFFIC_SECRET cd03bfcdb1cbea665787edb6663bf21add4dd5f72c3559cfabee15e49d492742 2f1711e8e6ac3d9073455bdce7f92f7ab8f609e050559a705fb3fbac349b3b04b3b7d66a3c160995eb159a2796773b5e
CLIENT_HANDSHAKE_TRAFFIC_SECRET 4bc8938747cb048abb71a1896b3c51bf4a53bca3f638e3ff47cda948a4262b86 6394b10cc452a5baac5446baaa27f6a54d237962981f5baf6690e47e153fe9d85823f06c4e3aee0567b28f923e069aef
SERVER_HANDSHAKE_TRAFFIC_SECRET 4bc8938747cb048abb71a1896b3c51bf4a53bca3f638e3ff47cda948a4262b86 e7908af212703fa69567612b50d6850ba00a6826c7aa80dc8a7ac633c52a51266e5e21be7c668cede9cf3489170adcc9
CLIENT_TRAFFIC_SECRET_0 cd03bfcdb1cbea665787edb6663bf21add4dd5f72c3559cfabee15e49d492742 a072e51082b44b81f7c039419a0261086c2270551fb3140fec240e569959b90f2fe72b48dc8ba496ee4c9746ac5bc23b
SERVER_TRAFFIC_SECRET_0 cd03bfcdb1cbea665787edb6663bf21add4dd5f72c3559cfabee15e49d492742 7233824b956137c97afa8a0564315daaa7b918557b2c6f0c780087ee641d2cc0de4d5e9930f6b436a875de181c0ab383
EXPORTER_SECRET cd03bfcdb1cbea665787edb6663bf21add4dd5f72c3559cfabee15e49d492742 d78e0ebeb0fae6223549f287781bed73f0fb46507a1835885f6bcac19b79b9072e15d17057f280d9b1e8ec60522f1deb
CLIENT_TRAFFIC_SECRET_0 4bc8938747cb048abb71a1896b3c51bf4a53bca3f638e3ff47cda948a4262b86 68136e5f3c5bc223aa1d3197366053e47ae488a70e1dfe35b025d4b17ebe3340d59a7aabda37ab2edc188d583a31e02e
SERVER_TRAFFIC_SECRET_0 4bc8938747cb048abb71a1896b3c51bf4a53bca3f638e3ff47cda948a4262b86 0105c3c67de46a348e4b9bd4e8281d27134d79fb9105d4b668b9131f952dd9834752f345ca87f57e637082eb3d37008c
EXPORTER_SECRET 4bc8938747cb048abb71a1896b3c51bf4a53bca3f638e3ff47cda948a4262b86 ca728a12ddabe6dd18e49730ed877ae480b9faf87914b1a1ec294165cc7f384e59b3157aaff4175c6f15edf073057bf1
CLIENT_HANDSHAKE_TRAFFIC_SECRET 6d8663b6dcadbaf51f130b56bfcd2a3d67966e4d9aab1cd8967f81fb79b2aeac cf5795ae7a69d06557395221a2dc2f5d798d5c83d3af36c758642f4da1f3b49b390f6cdd48ce9a345a1c7ff5366b672e
SERVER_HANDSHAKE_TRAFFIC_SECRET 6d8663b6dcadbaf51f130b56bfcd2a3d67966e4d9aab1cd8967f81fb79b2aeac d1352f047498ac8e7d54aba90888e02ca99ff4b106516a27d404817f23337c287e2681aa5be4f77dffaaa4393f46fca1
CLIENT_TRAFFIC_SECRET_0 6d8663b6dcadbaf51f130b56bfcd2a3d67966e4d9aab1cd8967f81fb79b2aeac 52c8eeb6190256d324573254a6b9b06333d1e58356dc8d99c5c8b1fb7c65d6b1de07094e285adddab0ed1dd4a974ea86
SERVER_TRAFFIC_SECRET_0 6d8663b6dcadbaf51f130b56bfcd2a3d67966e4d9aab1cd8967f81fb79b2aeac 4bf08627281bcbacbb121eac80d1a2a4e30d994aa801c2e9ac6c95b81aedd2cbd68b926f207f8e12a53282c51ef0e05a
EXPORTER_SECRET 6d8663b6dcadbaf51f130b56bfcd2a3d67966e4d9aab1cd8967f81fb79b2aeac 3ac532d0e17f22ad0b6690e37b21fe07c5b025e2f5b48627b225841c0f9ee565987b131fb7522ce8338fb06b5b692ea0
CLIENT_HANDSHAKE_TRAFFIC_SECRET d994e9d7c5c67885d74221c0569c13d8e32b4db1ddeb3aa47e87a6dcf682983b fe05b8535cd2b77e7e8a4c4a181d079e2f9913d8f602c3aaba4d1456361aff277681d7a2e4e7141b51862c5fb845281a
SERVER_HANDSHAKE_TRAFFIC_SECRET d994e9d7c5c67885d74221c0569c13d8e32b4db1ddeb3aa47e87a6dcf682983b 4bbd4129d013af6e2e8defa4e11cc404988bf82a003256fdb2da90833ced990b49216e640ced863123231aa344017c86
CLIENT_TRAFFIC_SECRET_0 d994e9d7c5c67885d74221c0569c13d8e32b4db1ddeb3aa47e87a6dcf682983b 2eafd5745559ca12cc8bccd2e42b6647966292e5e7a17008e9f28cfdcc4bbcc8d2207323fc45fb1142a9f6ebb015f564
SERVER_TRAFFIC_SECRET_0 d994e9d7c5c67885d74221c0569c13d8e32b4db1ddeb3aa47e87a6dcf682983b a5d3498453bbb7ec077e5c7a4e3949a7ae8edd2158e15fadb4382be5b764e669145d40b577d6f36a8c53609801f6d1de
EXPORTER_SECRET d994e9d7c5c67885d74221c0569c13d8e32b4db1ddeb3aa47e87a6dcf682983b 9aee140bb55b8408704a28b29bb7ef5d2c7c8605bd0cca4406dec496901f2effb3c9e45795d52fc85da8062908f3ab55
CLIENT_HANDSHAKE_TRAFFIC_SECRET f52b3732419631d24759fef81c6f247682a561b9ad47a8abc1e476d99d6fcfbe 757641afc317b54b6b6c884c8c620737e26b085d8b6c5376d9004575aaabfaa82d8eed2234fe45f10043b15246ebfb09
SERVER_HANDSHAKE_TRAFFIC_SECRET f52b3732419631d24759fef81c6f247682a561b9ad47a8abc1e476d99d6fcfbe 5ba111d2cf1d83f6b30469fed948c624a365b201b442012e70fa2e6a9651f42c1a57f1fbd90edfb4c281394225403bf6
CLIENT_TRAFFIC_SECRET_0 f52b3732419631d24759fef81c6f247682a561b9ad47a8abc1e476d99d6fcfbe 66fdcfb3ab4cec7cadae90ace4e2d5fcc6dd27aa9d21863ee5f4e6c865f14af188681c354a1397ebe3e59c83691a4a03
SERVER_TRAFFIC_SECRET_0 f52b3732419631d24759fef81c6f247682a561b9ad47a8abc1e476d99d6fcfbe 6f83c1dd05df9d0aab9c99aa33da5f46ff394e5277f1c867a6a39b92a24067cbc85aeb279f7d49f326bca45c18eeb475
EXPORTER_SECRET f52b3732419631d24759fef81c6f247682a561b9ad47a8abc1e476d99d6fcfbe e8c7410399d1e58119155f07e234114d58056537ae3fca98087e9e05cea7e182ce52a8e11d2e13cae7fe3600dbbf8637
CLIENT_HANDSHAKE_TRAFFIC_SECRET b5fa1d6739f3f24a24c9663a29921247a0a7603a9e3a16ac0acb26159abb7fa3 9d51954220327cf41faf5125229d38c949d13f72dd07d1cd2260a843e1b213e66a61666db24ec6eb428828e195d64207
SERVER_HANDSHAKE_TRAFFIC_SECRET b5fa1d6739f3f24a24c9663a29921247a0a7603a9e3a16ac0acb26159abb7fa3 0cd071e7cb1c10fe26df306c5630592b75f861f3c342767c8c3d8e35180960c0ce6f0b2152a4af84b28af8daccc9d51e
CLIENT_TRAFFIC_SECRET_0 b5fa1d6739f3f24a24c9663a29921247a0a7603a9e3a16ac0acb26159abb7fa3 299700604c26a8ebb3328fc6634574b3fe2bc8e91dc11bfe233d317b526139a197568bc3d134d29a6790efa178fc844a
SERVER_TRAFFIC_SECRET_0 b5fa1d6739f3f24a24c9663a29921247a0a7603a9e3a16ac0acb26159abb7fa3 876d6102301b9662bc9065f54cbbe560918f4a62d828b703a86fadbb0b576409af167769c7e590e62650b79e2710cd05
EXPORTER_SECRET b5fa1d6739f3f24a24c9663a29921247a0a7603a9e3a16ac0acb26159abb7fa3 328bf8e6ad1bcd4fda0e058645de49a92e9a87810e9947379f6111dfb6b142440ebc005bf165d4b2bfc3714f11205e3e
CLIENT_HANDSHAKE_TRAFFIC_SECRET 7bc9962e039cec2f8c1f9a6bd27286cea557ec6d27e921d950864e9595ad88a3 069fe45cd45f41fd3b74377b44770d6916489d6d510385364aa1949b0a421d39aa3ba7e58689d82225346e93168e8d3d
SERVER_HANDSHAKE_TRAFFIC_SECRET 7bc9962e039cec2f8c1f9a6bd27286cea557ec6d27e921d950864e9595ad88a3 c21cfe48ce4dcfa95d3c06c96cc6d65b7d7f70f86f928e692bf6965ecebf51563abaf2db7284f074c37a14eb74f7a72d
CLIENT_TRAFFIC_SECRET_0 7bc9962e039cec2f8c1f9a6bd27286cea557ec6d27e921d950864e9595ad88a3 6b9275f609739eebd587b6926994726c5fd368d0cfb0c323a0b0f4c8286cc38c7a0cd4021ff673e8f9be7f60ba4dd432
SERVER_TRAFFIC_SECRET_0 7bc9962e039cec2f8c1f9a6bd27286cea557ec6d27e921d950864e9595ad88a3 5e923f9538b751ac2610dc200557bfce5929cd389961b132a80765870cf0bd17e10e6996537a8fed687d3f2a10627865
EXPORTER_SECRET 7bc9962e039cec2f8c1f9a6bd27286cea557ec6d27e921d950864e9595ad88a3 5cb1449c43dfec8b5d6fead4569230f391550b7ccd3a4df6d560584e153064ad2f4b759e272ffd7113577c91dd18df0a
CLIENT_HANDSHAKE_TRAFFIC_SECRET b015985d11f40e5894510b0b49fe2f3c775d8090256b10912193acd7377aff40 78a886594925ab2e971ad7d9698410ee25dab31eb0b2391447c914ad65e29afb
SERVER_HANDSHAKE_TRAFFIC_SECRET b015985d11f40e5894510b0b49fe2f3c775d8090256b10912193acd7377aff40 0abe6a372a36474823a36f78a4ede4593cc50d608c091c12d02542c6ff596770
CLIENT_TRAFFIC_SECRET_0 b015985d11f40e5894510b0b49fe2f3c775d8090256b10912193acd7377aff40 1b0d984d2e7f73ce9f760a8ee54a672a8733781c89ee1726760661d702545d38
SERVER_TRAFFIC_SECRET_0 b015985d11f40e5894510b0b49fe2f3c775d8090256b10912193acd7377aff40 54bdfed2f9e1e39f14729311b052238631ae2707b877e2d81e5323ac841969bc
EXPORTER_SECRET b015985d11f40e5894510b0b49fe2f3c775d8090256b10912193acd7377aff40 12f7e4619069274bf99e53a41eab4a623f3a908e10305e984953a2ae38d37f3f
CLIENT_RANDOM aa8bc634e06778974d79ac4d474e31996a00f99fe002e5ada19798330a0c9025 44106d30f50da18e9e93969550b0bfb7de42b86415bbb4d34a240f08f0008e67cec8f041fb4ba193bd79a57d308142a2
CLIENT_HANDSHAKE_TRAFFIC_SECRET f038a675ff77c3116dda3e366be1ffbe1b0f66fa4c48f5f41cb3ca3122f7fe57 86e4c25d3b8f455fe5197f4d637728da0565a64234bc690831c93e868db3e275
SERVER_HANDSHAKE_TRAFFIC_SECRET f038a675ff77c3116dda3e366be1ffbe1b0f66fa4c48f5f41cb3ca3122f7fe57 9f89a2c9127cf13ea8a714cf3604014d2b01e2899cd7e6866a1c277955fcaaec
CLIENT_HANDSHAKE_TRAFFIC_SECRET 921051491ef38694f4e6356c8b16918020fdc80e0c5bd97afa07541c318da031 6be6bfefb92670af996f135e0ab7056bd5e8a4c2671c617c88150c12cd86bc90
SERVER_HANDSHAKE_TRAFFIC_SECRET 921051491ef38694f4e6356c8b16918020fdc80e0c5bd97afa07541c318da031 49008b492f8e9ad92050536ea9ab3d0adbf429191d765b4079e8bc58a3672293
CLIENT_HANDSHAKE_TRAFFIC_SECRET 561a345c93c2dc08a04b7602fab4ef7ebea5b1f1e0ec56038b244656d3dd59cc 95da9a353d29f0395345b1e7da78ca32f92bdae33015964e41678126b1134b80
SERVER_HANDSHAKE_TRAFFIC_SECRET 561a345c93c2dc08a04b7602fab4ef7ebea5b1f1e0ec56038b244656d3dd59cc b26391bb7860f28497e833a84c24fcd470af334b2862be08b47b8892f9dfe515
CLIENT_HANDSHAKE_TRAFFIC_SECRET b97071243205d111af70d469627dcbb0379d9a63d977214e2dae4ba08047ddb5 019c5505f7bf56a114cbef5772f65c980d020d23b99ebc27a94f6c3139ca5e39
SERVER_HANDSHAKE_TRAFFIC_SECRET b97071243205d111af70d469627dcbb0379d9a63d977214e2dae4ba08047ddb5 d5ada72462427f8ff067a5ba23290d61864785a59ee111560bea4f2d627a5c86
CLIENT_TRAFFIC_SECRET_0 f038a675ff77c3116dda3e366be1ffbe1b0f66fa4c48f5f41cb3ca3122f7fe57 d97e52c3afda8a66fc41eb3b23580a4c4ad8701e91ea7186d5cc510827780fbf
SERVER_TRAFFIC_SECRET_0 f038a675ff77c3116dda3e366be1ffbe1b0f66fa4c48f5f41cb3ca3122f7fe57 e3edfc3fbe18c0858305b008f4d4e9e8bae2933bfa7767a2adb16896a35480e3
EXPORTER_SECRET f038a675ff77c3116dda3e366be1ffbe1b0f66fa4c48f5f41cb3ca3122f7fe57 7dc82486297d2dd2edb134bdba9d3b4635d97c3eb1cbab708ec7d6419027fc2f
CLIENT_TRAFFIC_SECRET_0 921051491ef38694f4e6356c8b16918020fdc80e0c5bd97afa07541c318da031 c33ce2c2f6c17d1af77ec75ddc420ab0b9615f6489a19137250c21c20754fc37
SERVER_TRAFFIC_SECRET_0 921051491ef38694f4e6356c8b16918020fdc80e0c5bd97afa07541c318da031 7a05dc606ef463d5860429a6b7636c5c003ee7b7c4b3ac3e7228728b44554e94
EXPORTER_SECRET 921051491ef38694f4e6356c8b16918020fdc80e0c5bd97afa07541c318da031 2efdd5da44bfab66d454209fc13890dccf067d4f249bc7d1a6e7b6d605be1825
CLIENT_TRAFFIC_SECRET_0 561a345c93c2dc08a04b7602fab4ef7ebea5b1f1e0ec56038b244656d3dd59cc b20f66d365f8270e24c66a5ca5e5f54a8af4265e17790e03d944e987abdbc212
SERVER_TRAFFIC_SECRET_0 561a345c93c2dc08a04b7602fab4ef7ebea5b1f1e0ec56038b244656d3dd59cc f9151f519b27ef89c692602158f38753ba506b07f77e02e33f02a3f2cadbb1fb
EXPORTER_SECRET 561a345c93c2dc08a04b7602fab4ef7ebea5b1f1e0ec56038b244656d3dd59cc d88390886c67d308c9af1e45e533755e70a218a6b0c360d037234542e4b58d2e
CLIENT_TRAFFIC_SECRET_0 b97071243205d111af70d469627dcbb0379d9a63d977214e2dae4ba08047ddb5 59d1b341e682f3704be4cecf8ae7a3018c14d483d527c3595e78c808038c681b
SERVER_TRAFFIC_SECRET_0 b97071243205d111af70d469627dcbb0379d9a63d977214e2dae4ba08047ddb5 41e202c2541b99ea3c70aad100dd779c4a2d87e11c79cf2de01f2f18d0630130
EXPORTER_SECRET b97071243205d111af70d469627dcbb0379d9a63d977214e2dae4ba08047ddb5 339a8fcc3beb4e18678e9d31ca72a15cb346cc0e89323ecbbf4ed567f56b6b69
CLIENT_RANDOM 71f50c8738e5ad8430193f52dd31663686489a298324d75e68d451ee85782da1 1327d30f0d32589455cda00d49d0ab553c2239a8e0ca46ddc2045cfc62f761c2221bd96e515a3b37784d1528f5ea697f
CLIENT_RANDOM 1150f368ca4e5983b23f0d4c0faa78a0fb42da52bd622f41857fde0782b7fd9a 1327d30f0d32589455cda00d49d0ab553c2239a8e0ca46ddc2045cfc62f761c2221bd96e515a3b37784d1528f5ea697f
CLIENT_RANDOM 36dc9bbb23b27f205e2cbf5823e38df70468c2a0ed73f1bf14171f3b519707a1 81f4e90cf224ace193b1326ddeccba012e42845322d092f65ab2c1ac0bae83d84453da511ee750059c4cadfa485a4410
CLIENT_RANDOM 5e3aca77d9545864dfd72e9778c5ae4769acb4cb6d7bef3276cb6f62f73f1465 4ba89b965e9a2060b26eea8d3c90cca3d10b29ffc370c0f230cd56e8b68b9e18b2d77f51921c170c368d6b04917e0177
CLIENT_RANDOM 079b93ddcbe085501f9f34991c05de599bd00dc858402510475b2f6f7c3dfdf4 4ba89b965e9a2060b26eea8d3c90cca3d10b29ffc370c0f230cd56e8b68b9e18b2d77f51921c170c368d6b04917e0177
CLIENT_RANDOM 6ad30d35941799bdf755fe2d142f0dd926aff0ba1f699d52708cdad52afabd09 81f4e90cf224ace193b1326ddeccba012e42845322d092f65ab2c1ac0bae83d84453da511ee750059c4cadfa485a4410
CLIENT_RANDOM 71490333b65bdc36205eb61e133fd4d870856b63adf37263458c8439b1768ad0 9fa1d50e1cfd5e85000489d1800a227aa00795364621138213b5ea996cf781b3f844d565b8aafa4299fa8eef0f3becd6
CLIENT_RANDOM 40ee7f28f9c4f71b5a1996fe032c01f65dcc08cda4a1d0da3e1923518aa50846 44106d30f50da18e9e93969550b0bfb7de42b86415bbb4d34a240f08f0008e67cec8f041fb4ba193bd79a57d308142a2
CLIENT_HANDSHAKE_TRAFFIC_SECRET bbf51b72932a7141668bbea1c09bc0d21fef2602e6131752ae1b4be438602ac2 7bb5839b19ea34cb9fd76f8567b2953827fae352f4cd2c9fa19d2d28cf2986dd
SERVER_HANDSHAKE_TRAFFIC_SECRET bbf51b72932a7141668bbea1c09bc0d21fef2602e6131752ae1b4be438602ac2 954d588b658526b176ed4da9b17c37f136bcb63e7f8b743519dfc048bad4650a
CLIENT_TRAFFIC_SECRET_0 bbf51b72932a7141668bbea1c09bc0d21fef2602e6131752ae1b4be438602ac2 a4f7d909a8b7c4db3260e55a5e9abba33094fe87b949a1976aa57853622cf822
SERVER_TRAFFIC_SECRET_0 bbf51b72932a7141668bbea1c09bc0d21fef2602e6131752ae1b4be438602ac2 939b4214dec997b336d90bdd10e9d4f8ba47498bfc4e1f7ba89bf8631dd3bc22
EXPORTER_SECRET bbf51b72932a7141668bbea1c09bc0d21fef2602e6131752ae1b4be438602ac2 aaefecdde25a3fecffee11d2bde3e4c5f19a3792fefb6d2ec328a25d90a17860
